mode: set
github.com/ibrokethecloud/sim/pkg/certs/certs.go:37.67,43.16 5 1
github.com/ibrokethecloud/sim/pkg/certs/certs.go:47.2,156.16 9 1
github.com/ibrokethecloud/sim/pkg/certs/certs.go:160.2,161.16 2 1
github.com/ibrokethecloud/sim/pkg/certs/certs.go:165.2,166.16 2 1
github.com/ibrokethecloud/sim/pkg/certs/certs.go:170.2,171.16 2 1
github.com/ibrokethecloud/sim/pkg/certs/certs.go:175.2,176.16 2 1
github.com/ibrokethecloud/sim/pkg/certs/certs.go:180.2,181.16 2 1
github.com/ibrokethecloud/sim/pkg/certs/certs.go:185.2,186.16 2 1
github.com/ibrokethecloud/sim/pkg/certs/certs.go:191.2,191.102 1 1
github.com/ibrokethecloud/sim/pkg/certs/certs.go:194.2,194.134 1 1
github.com/ibrokethecloud/sim/pkg/certs/certs.go:199.2,199.121 1 1
github.com/ibrokethecloud/sim/pkg/certs/certs.go:202.2,202.161 1 1
github.com/ibrokethecloud/sim/pkg/certs/certs.go:207.2,207.127 1 1
github.com/ibrokethecloud/sim/pkg/certs/certs.go:210.2,210.167 1 1
github.com/ibrokethecloud/sim/pkg/certs/certs.go:215.2,215.127 1 1
github.com/ibrokethecloud/sim/pkg/certs/certs.go:218.2,218.162 1 1
github.com/ibrokethecloud/sim/pkg/certs/certs.go:223.2,223.130 1 1
github.com/ibrokethecloud/sim/pkg/certs/certs.go:226.2,226.162 1 1
github.com/ibrokethecloud/sim/pkg/certs/certs.go:231.2,231.125 1 1
github.com/ibrokethecloud/sim/pkg/certs/certs.go:234.2,234.164 1 1
github.com/ibrokethecloud/sim/pkg/certs/certs.go:239.2,239.125 1 1
github.com/ibrokethecloud/sim/pkg/certs/certs.go:242.2,242.162 1 1
github.com/ibrokethecloud/sim/pkg/certs/certs.go:245.2,245.15 1 1
github.com/ibrokethecloud/sim/pkg/certs/certs.go:43.16,45.3 1 0
github.com/ibrokethecloud/sim/pkg/certs/certs.go:156.16,158.3 1 0
github.com/ibrokethecloud/sim/pkg/certs/certs.go:161.16,163.3 1 0
github.com/ibrokethecloud/sim/pkg/certs/certs.go:166.16,168.3 1 0
github.com/ibrokethecloud/sim/pkg/certs/certs.go:171.16,173.3 1 0
github.com/ibrokethecloud/sim/pkg/certs/certs.go:176.16,178.3 1 0
github.com/ibrokethecloud/sim/pkg/certs/certs.go:181.16,183.3 1 0
github.com/ibrokethecloud/sim/pkg/certs/certs.go:186.16,188.3 1 0
github.com/ibrokethecloud/sim/pkg/certs/certs.go:191.102,193.3 1 0
github.com/ibrokethecloud/sim/pkg/certs/certs.go:194.134,196.3 1 0
github.com/ibrokethecloud/sim/pkg/certs/certs.go:199.121,201.3 1 0
github.com/ibrokethecloud/sim/pkg/certs/certs.go:202.161,204.3 1 0
github.com/ibrokethecloud/sim/pkg/certs/certs.go:207.127,209.3 1 0
github.com/ibrokethecloud/sim/pkg/certs/certs.go:210.167,212.3 1 0
github.com/ibrokethecloud/sim/pkg/certs/certs.go:215.127,217.3 1 0
github.com/ibrokethecloud/sim/pkg/certs/certs.go:218.162,220.3 1 0
github.com/ibrokethecloud/sim/pkg/certs/certs.go:223.130,225.3 1 0
github.com/ibrokethecloud/sim/pkg/certs/certs.go:226.162,228.3 1 0
github.com/ibrokethecloud/sim/pkg/certs/certs.go:231.125,233.3 1 0
github.com/ibrokethecloud/sim/pkg/certs/certs.go:234.164,236.3 1 0
github.com/ibrokethecloud/sim/pkg/certs/certs.go:239.125,241.3 1 0
github.com/ibrokethecloud/sim/pkg/certs/certs.go:242.162,244.3 1 0
github.com/ibrokethecloud/sim/pkg/certs/certs.go:248.158,250.16 2 1
github.com/ibrokethecloud/sim/pkg/certs/certs.go:254.2,255.83 2 1
github.com/ibrokethecloud/sim/pkg/certs/certs.go:258.2,258.56 1 1
github.com/ibrokethecloud/sim/pkg/certs/certs.go:250.16,252.3 1 0
github.com/ibrokethecloud/sim/pkg/certs/certs.go:255.83,257.3 1 0
github.com/ibrokethecloud/sim/pkg/certs/certs.go:261.77,263.16 2 1
github.com/ibrokethecloud/sim/pkg/certs/certs.go:266.2,267.86 2 1
github.com/ibrokethecloud/sim/pkg/certs/certs.go:270.2,270.62 1 1
github.com/ibrokethecloud/sim/pkg/certs/certs.go:273.2,273.56 1 1
github.com/ibrokethecloud/sim/pkg/certs/certs.go:263.16,265.3 1 0
github.com/ibrokethecloud/sim/pkg/certs/certs.go:267.86,269.3 1 0
github.com/ibrokethecloud/sim/pkg/certs/certs.go:270.62,272.3 1 0
github.com/ibrokethecloud/sim/pkg/etcd/etcd.go:27.100,38.18 8 1
github.com/ibrokethecloud/sim/pkg/etcd/etcd.go:41.2,48.51 6 1
github.com/ibrokethecloud/sim/pkg/etcd/etcd.go:52.2,52.18 1 1
github.com/ibrokethecloud/sim/pkg/etcd/etcd.go:67.2,67.145 1 1
github.com/ibrokethecloud/sim/pkg/etcd/etcd.go:71.2,72.16 2 1
github.com/ibrokethecloud/sim/pkg/etcd/etcd.go:76.2,76.12 1 1
github.com/ibrokethecloud/sim/pkg/etcd/etcd.go:81.2,82.16 2 1
github.com/ibrokethecloud/sim/pkg/etcd/etcd.go:86.2,86.9 1 1
github.com/ibrokethecloud/sim/pkg/etcd/etcd.go:38.18,40.3 1 1
github.com/ibrokethecloud/sim/pkg/etcd/etcd.go:48.51,50.3 1 0
github.com/ibrokethecloud/sim/pkg/etcd/etcd.go:52.18,65.3 11 1
github.com/ibrokethecloud/sim/pkg/etcd/etcd.go:67.145,69.3 1 0
github.com/ibrokethecloud/sim/pkg/etcd/etcd.go:72.16,74.3 1 0
github.com/ibrokethecloud/sim/pkg/etcd/etcd.go:76.12,79.3 2 1
github.com/ibrokethecloud/sim/pkg/etcd/etcd.go:82.16,84.3 1 0
github.com/ibrokethecloud/sim/pkg/etcd/etcd.go:87.32,91.9 1 1
github.com/ibrokethecloud/sim/pkg/etcd/etcd.go:92.38,94.58 2 0
github.com/ibrokethecloud/sim/pkg/etcd/etcd.go:95.22,96.16 1 0
github.com/ibrokethecloud/sim/pkg/objects/apply.go:17.13,19.2 1 1
github.com/ibrokethecloud/sim/pkg/objects/apply.go:30.102,32.16 2 0
github.com/ibrokethecloud/sim/pkg/objects/apply.go:36.2,37.16 2 0
github.com/ibrokethecloud/sim/pkg/objects/apply.go:40.2,46.8 1 0
github.com/ibrokethecloud/sim/pkg/objects/apply.go:32.16,34.3 1 0
github.com/ibrokethecloud/sim/pkg/objects/apply.go:37.16,39.3 1 0
github.com/ibrokethecloud/sim/pkg/objects/apply.go:51.60,53.16 2 0
github.com/ibrokethecloud/sim/pkg/objects/apply.go:57.2,58.16 2 0
github.com/ibrokethecloud/sim/pkg/objects/apply.go:62.2,63.16 2 0
github.com/ibrokethecloud/sim/pkg/objects/apply.go:67.2,68.16 2 0
github.com/ibrokethecloud/sim/pkg/objects/apply.go:72.2,72.12 1 0
github.com/ibrokethecloud/sim/pkg/objects/apply.go:53.16,55.3 1 0
github.com/ibrokethecloud/sim/pkg/objects/apply.go:58.16,60.3 1 0
github.com/ibrokethecloud/sim/pkg/objects/apply.go:63.16,65.3 1 0
github.com/ibrokethecloud/sim/pkg/objects/apply.go:68.16,70.3 1 0
github.com/ibrokethecloud/sim/pkg/objects/apply.go:75.57,77.16 2 0
github.com/ibrokethecloud/sim/pkg/objects/apply.go:81.2,81.31 1 0
github.com/ibrokethecloud/sim/pkg/objects/apply.go:92.2,92.28 1 0
github.com/ibrokethecloud/sim/pkg/objects/apply.go:102.2,102.12 1 0
github.com/ibrokethecloud/sim/pkg/objects/apply.go:77.16,79.3 1 0
github.com/ibrokethecloud/sim/pkg/objects/apply.go:81.31,83.17 2 0
github.com/ibrokethecloud/sim/pkg/objects/apply.go:86.3,87.17 2 0
github.com/ibrokethecloud/sim/pkg/objects/apply.go:83.17,85.4 1 0
github.com/ibrokethecloud/sim/pkg/objects/apply.go:87.17,89.4 1 0
github.com/ibrokethecloud/sim/pkg/objects/apply.go:92.28,94.17 2 0
github.com/ibrokethecloud/sim/pkg/objects/apply.go:97.3,98.17 2 0
github.com/ibrokethecloud/sim/pkg/objects/apply.go:94.17,96.4 1 0
github.com/ibrokethecloud/sim/pkg/objects/apply.go:98.17,100.4 1 0
github.com/ibrokethecloud/sim/pkg/objects/apply.go:106.66,108.16 2 0
github.com/ibrokethecloud/sim/pkg/objects/apply.go:122.2,122.12 1 0
github.com/ibrokethecloud/sim/pkg/objects/apply.go:108.16,109.32 1 0
github.com/ibrokethecloud/sim/pkg/objects/apply.go:109.32,117.4 3 0
github.com/ibrokethecloud/sim/pkg/objects/apply.go:117.9,119.4 1 0
github.com/ibrokethecloud/sim/pkg/objects/apply.go:125.79,136.2 2 0
github.com/ibrokethecloud/sim/pkg/objects/objects.go:16.119,20.16 3 1
github.com/ibrokethecloud/sim/pkg/objects/objects.go:24.2,24.80 1 1
github.com/ibrokethecloud/sim/pkg/objects/objects.go:45.2,45.16 1 1
github.com/ibrokethecloud/sim/pkg/objects/objects.go:50.2,50.28 1 1
github.com/ibrokethecloud/sim/pkg/objects/objects.go:58.2,58.31 1 1
github.com/ibrokethecloud/sim/pkg/objects/objects.go:66.2,66.30 1 1
github.com/ibrokethecloud/sim/pkg/objects/objects.go:20.16,22.3 1 0
github.com/ibrokethecloud/sim/pkg/objects/objects.go:24.80,25.17 1 1
github.com/ibrokethecloud/sim/pkg/objects/objects.go:30.3,30.20 1 1
github.com/ibrokethecloud/sim/pkg/objects/objects.go:42.3,42.13 1 1
github.com/ibrokethecloud/sim/pkg/objects/objects.go:25.17,28.4 2 0
github.com/ibrokethecloud/sim/pkg/objects/objects.go:30.20,32.18 2 1
github.com/ibrokethecloud/sim/pkg/objects/objects.go:35.4,35.57 1 1
github.com/ibrokethecloud/sim/pkg/objects/objects.go:32.18,34.5 1 0
github.com/ibrokethecloud/sim/pkg/objects/objects.go:35.57,37.5 1 1
github.com/ibrokethecloud/sim/pkg/objects/objects.go:37.10,39.5 1 1
github.com/ibrokethecloud/sim/pkg/objects/objects.go:45.16,47.3 1 0
github.com/ibrokethecloud/sim/pkg/objects/objects.go:50.28,52.17 2 1
github.com/ibrokethecloud/sim/pkg/objects/objects.go:55.3,55.28 1 1
github.com/ibrokethecloud/sim/pkg/objects/objects.go:52.17,54.4 1 0
github.com/ibrokethecloud/sim/pkg/objects/objects.go:58.31,60.17 2 1
github.com/ibrokethecloud/sim/pkg/objects/objects.go:63.3,63.44 1 1
github.com/ibrokethecloud/sim/pkg/objects/objects.go:60.17,62.4 1 0
github.com/ibrokethecloud/sim/pkg/objects/objects.go:72.135,79.16 5 1
github.com/ibrokethecloud/sim/pkg/objects/objects.go:83.2,83.80 1 1
github.com/ibrokethecloud/sim/pkg/objects/objects.go:104.2,104.16 1 1
github.com/ibrokethecloud/sim/pkg/objects/objects.go:110.2,110.32 1 1
github.com/ibrokethecloud/sim/pkg/objects/objects.go:158.2,158.27 1 1
github.com/ibrokethecloud/sim/pkg/objects/objects.go:79.16,81.3 1 0
github.com/ibrokethecloud/sim/pkg/objects/objects.go:83.80,84.17 1 1
github.com/ibrokethecloud/sim/pkg/objects/objects.go:89.3,89.19 1 1
github.com/ibrokethecloud/sim/pkg/objects/objects.go:101.3,101.13 1 1
github.com/ibrokethecloud/sim/pkg/objects/objects.go:84.17,87.4 2 0
github.com/ibrokethecloud/sim/pkg/objects/objects.go:89.19,91.18 2 1
github.com/ibrokethecloud/sim/pkg/objects/objects.go:94.4,96.21 2 1
github.com/ibrokethecloud/sim/pkg/objects/objects.go:91.18,93.5 1 0
github.com/ibrokethecloud/sim/pkg/objects/objects.go:96.21,98.5 1 1
github.com/ibrokethecloud/sim/pkg/objects/objects.go:104.16,106.3 1 0
github.com/ibrokethecloud/sim/pkg/objects/objects.go:110.32,113.17 3 1
github.com/ibrokethecloud/sim/pkg/objects/objects.go:116.3,116.83 1 1
github.com/ibrokethecloud/sim/pkg/objects/objects.go:146.3,146.17 1 1
github.com/ibrokethecloud/sim/pkg/objects/objects.go:150.3,150.26 1 1
github.com/ibrokethecloud/sim/pkg/objects/objects.go:154.3,154.23 1 1
github.com/ibrokethecloud/sim/pkg/objects/objects.go:113.17,115.4 1 0
github.com/ibrokethecloud/sim/pkg/objects/objects.go:116.83,117.18 1 1
github.com/ibrokethecloud/sim/pkg/objects/objects.go:122.4,122.21 1 1
github.com/ibrokethecloud/sim/pkg/objects/objects.go:144.4,144.14 1 1
github.com/ibrokethecloud/sim/pkg/objects/objects.go:117.18,120.5 2 0
github.com/ibrokethecloud/sim/pkg/objects/objects.go:122.21,123.86 1 1
github.com/ibrokethecloud/sim/pkg/objects/objects.go:123.86,125.20 2 1
github.com/ibrokethecloud/sim/pkg/objects/objects.go:128.6,128.47 1 1
github.com/ibrokethecloud/sim/pkg/objects/objects.go:125.20,127.7 1 0
github.com/ibrokethecloud/sim/pkg/objects/objects.go:128.47,131.21 2 1
github.com/ibrokethecloud/sim/pkg/objects/objects.go:134.7,134.39 1 1
github.com/ibrokethecloud/sim/pkg/objects/objects.go:131.21,133.8 1 0
github.com/ibrokethecloud/sim/pkg/objects/objects.go:135.12,137.21 2 1
github.com/ibrokethecloud/sim/pkg/objects/objects.go:140.7,140.45 1 1
github.com/ibrokethecloud/sim/pkg/objects/objects.go:137.21,139.8 1 0
github.com/ibrokethecloud/sim/pkg/objects/objects.go:146.17,148.4 1 0
github.com/ibrokethecloud/sim/pkg/objects/objects.go:150.26,152.4 1 1
github.com/ibrokethecloud/sim/pkg/objects/objects.go:154.23,156.4 1 1
github.com/ibrokethecloud/sim/pkg/objects/objects.go:160.69,162.16 2 1
github.com/ibrokethecloud/sim/pkg/objects/objects.go:166.2,167.17 2 1
github.com/ibrokethecloud/sim/pkg/objects/objects.go:162.16,164.3 1 0
github.com/ibrokethecloud/sim/pkg/apiserver/apiserver.go:30.67,35.79 3 0
github.com/ibrokethecloud/sim/pkg/apiserver/apiserver.go:38.2,38.86 1 0
github.com/ibrokethecloud/sim/pkg/apiserver/apiserver.go:41.2,41.79 1 0
github.com/ibrokethecloud/sim/pkg/apiserver/apiserver.go:44.2,44.101 1 0
github.com/ibrokethecloud/sim/pkg/apiserver/apiserver.go:47.2,47.112 1 0
github.com/ibrokethecloud/sim/pkg/apiserver/apiserver.go:50.2,50.97 1 0
github.com/ibrokethecloud/sim/pkg/apiserver/apiserver.go:53.2,53.79 1 0
github.com/ibrokethecloud/sim/pkg/apiserver/apiserver.go:56.2,56.89 1 0
github.com/ibrokethecloud/sim/pkg/apiserver/apiserver.go:59.2,59.85 1 0
github.com/ibrokethecloud/sim/pkg/apiserver/apiserver.go:62.2,62.86 1 0
github.com/ibrokethecloud/sim/pkg/apiserver/apiserver.go:66.2,67.71 2 0
github.com/ibrokethecloud/sim/pkg/apiserver/apiserver.go:71.2,71.23 1 0
github.com/ibrokethecloud/sim/pkg/apiserver/apiserver.go:84.2,84.12 1 0
github.com/ibrokethecloud/sim/pkg/apiserver/apiserver.go:89.2,89.38 1 0
github.com/ibrokethecloud/sim/pkg/apiserver/apiserver.go:35.79,37.3 1 0
github.com/ibrokethecloud/sim/pkg/apiserver/apiserver.go:38.86,40.3 1 0
github.com/ibrokethecloud/sim/pkg/apiserver/apiserver.go:41.79,43.3 1 0
github.com/ibrokethecloud/sim/pkg/apiserver/apiserver.go:44.101,46.3 1 0
github.com/ibrokethecloud/sim/pkg/apiserver/apiserver.go:47.112,49.3 1 0
github.com/ibrokethecloud/sim/pkg/apiserver/apiserver.go:50.97,52.3 1 0
github.com/ibrokethecloud/sim/pkg/apiserver/apiserver.go:53.79,55.3 1 0
github.com/ibrokethecloud/sim/pkg/apiserver/apiserver.go:56.89,58.3 1 0
github.com/ibrokethecloud/sim/pkg/apiserver/apiserver.go:59.85,61.3 1 0
github.com/ibrokethecloud/sim/pkg/apiserver/apiserver.go:62.86,64.3 1 0
github.com/ibrokethecloud/sim/pkg/apiserver/apiserver.go:67.71,69.3 1 0
github.com/ibrokethecloud/sim/pkg/apiserver/apiserver.go:71.23,72.77 1 0
github.com/ibrokethecloud/sim/pkg/apiserver/apiserver.go:75.3,75.87 1 0
github.com/ibrokethecloud/sim/pkg/apiserver/apiserver.go:78.3,78.89 1 0
github.com/ibrokethecloud/sim/pkg/apiserver/apiserver.go:72.77,74.4 1 0
github.com/ibrokethecloud/sim/pkg/apiserver/apiserver.go:75.87,77.4 1 0
github.com/ibrokethecloud/sim/pkg/apiserver/apiserver.go:78.89,80.4 1 0
github.com/ibrokethecloud/sim/pkg/apiserver/apiserver.go:84.12,87.3 2 0
github.com/ibrokethecloud/sim/pkg/apiserver/apiserver.go:93.65,96.16 2 0
github.com/ibrokethecloud/sim/pkg/apiserver/apiserver.go:100.2,101.16 2 0
github.com/ibrokethecloud/sim/pkg/apiserver/apiserver.go:105.2,106.16 2 0
github.com/ibrokethecloud/sim/pkg/apiserver/apiserver.go:110.2,130.16 16 0
github.com/ibrokethecloud/sim/pkg/apiserver/apiserver.go:134.2,137.16 3 0
github.com/ibrokethecloud/sim/pkg/apiserver/apiserver.go:141.2,143.12 2 0
github.com/ibrokethecloud/sim/pkg/apiserver/apiserver.go:96.16,98.3 1 0
github.com/ibrokethecloud/sim/pkg/apiserver/apiserver.go:101.16,103.3 1 0
github.com/ibrokethecloud/sim/pkg/apiserver/apiserver.go:106.16,108.3 1 0
github.com/ibrokethecloud/sim/pkg/apiserver/apiserver.go:130.16,132.3 1 0
github.com/ibrokethecloud/sim/pkg/apiserver/apiserver.go:137.16,139.3 1 0
