mode: set
github.com/ibrokethecloud/sim/pkg/certs/certs.go:37.67,43.16 5 1
github.com/ibrokethecloud/sim/pkg/certs/certs.go:47.2,156.16 9 1
github.com/ibrokethecloud/sim/pkg/certs/certs.go:160.2,161.16 2 1
github.com/ibrokethecloud/sim/pkg/certs/certs.go:165.2,166.16 2 1
github.com/ibrokethecloud/sim/pkg/certs/certs.go:170.2,171.16 2 1
github.com/ibrokethecloud/sim/pkg/certs/certs.go:175.2,176.16 2 1
github.com/ibrokethecloud/sim/pkg/certs/certs.go:180.2,181.16 2 1
github.com/ibrokethecloud/sim/pkg/certs/certs.go:185.2,186.16 2 1
github.com/ibrokethecloud/sim/pkg/certs/certs.go:191.2,191.102 1 1
github.com/ibrokethecloud/sim/pkg/certs/certs.go:194.2,194.134 1 1
github.com/ibrokethecloud/sim/pkg/certs/certs.go:199.2,199.121 1 1
github.com/ibrokethecloud/sim/pkg/certs/certs.go:202.2,202.161 1 1
github.com/ibrokethecloud/sim/pkg/certs/certs.go:207.2,207.127 1 1
github.com/ibrokethecloud/sim/pkg/certs/certs.go:210.2,210.167 1 1
github.com/ibrokethecloud/sim/pkg/certs/certs.go:215.2,215.127 1 1
github.com/ibrokethecloud/sim/pkg/certs/certs.go:218.2,218.162 1 1
github.com/ibrokethecloud/sim/pkg/certs/certs.go:223.2,223.130 1 1
github.com/ibrokethecloud/sim/pkg/certs/certs.go:226.2,226.162 1 1
github.com/ibrokethecloud/sim/pkg/certs/certs.go:231.2,231.125 1 1
github.com/ibrokethecloud/sim/pkg/certs/certs.go:234.2,234.164 1 1
github.com/ibrokethecloud/sim/pkg/certs/certs.go:239.2,239.125 1 1
github.com/ibrokethecloud/sim/pkg/certs/certs.go:242.2,242.162 1 1
github.com/ibrokethecloud/sim/pkg/certs/certs.go:245.2,245.15 1 1
github.com/ibrokethecloud/sim/pkg/certs/certs.go:43.16,45.3 1 0
github.com/ibrokethecloud/sim/pkg/certs/certs.go:156.16,158.3 1 0
github.com/ibrokethecloud/sim/pkg/certs/certs.go:161.16,163.3 1 0
github.com/ibrokethecloud/sim/pkg/certs/certs.go:166.16,168.3 1 0
github.com/ibrokethecloud/sim/pkg/certs/certs.go:171.16,173.3 1 0
github.com/ibrokethecloud/sim/pkg/certs/certs.go:176.16,178.3 1 0
github.com/ibrokethecloud/sim/pkg/certs/certs.go:181.16,183.3 1 0
github.com/ibrokethecloud/sim/pkg/certs/certs.go:186.16,188.3 1 0
github.com/ibrokethecloud/sim/pkg/certs/certs.go:191.102,193.3 1 0
github.com/ibrokethecloud/sim/pkg/certs/certs.go:194.134,196.3 1 0
github.com/ibrokethecloud/sim/pkg/certs/certs.go:199.121,201.3 1 0
github.com/ibrokethecloud/sim/pkg/certs/certs.go:202.161,204.3 1 0
github.com/ibrokethecloud/sim/pkg/certs/certs.go:207.127,209.3 1 0
github.com/ibrokethecloud/sim/pkg/certs/certs.go:210.167,212.3 1 0
github.com/ibrokethecloud/sim/pkg/certs/certs.go:215.127,217.3 1 0
github.com/ibrokethecloud/sim/pkg/certs/certs.go:218.162,220.3 1 0
github.com/ibrokethecloud/sim/pkg/certs/certs.go:223.130,225.3 1 0
github.com/ibrokethecloud/sim/pkg/certs/certs.go:226.162,228.3 1 0
github.com/ibrokethecloud/sim/pkg/certs/certs.go:231.125,233.3 1 0
github.com/ibrokethecloud/sim/pkg/certs/certs.go:234.164,236.3 1 0
github.com/ibrokethecloud/sim/pkg/certs/certs.go:239.125,241.3 1 0
github.com/ibrokethecloud/sim/pkg/certs/certs.go:242.162,244.3 1 0
github.com/ibrokethecloud/sim/pkg/certs/certs.go:248.158,250.16 2 1
github.com/ibrokethecloud/sim/pkg/certs/certs.go:254.2,255.83 2 1
github.com/ibrokethecloud/sim/pkg/certs/certs.go:258.2,258.56 1 1
github.com/ibrokethecloud/sim/pkg/certs/certs.go:250.16,252.3 1 0
github.com/ibrokethecloud/sim/pkg/certs/certs.go:255.83,257.3 1 0
github.com/ibrokethecloud/sim/pkg/certs/certs.go:261.77,263.16 2 1
github.com/ibrokethecloud/sim/pkg/certs/certs.go:266.2,267.86 2 1
github.com/ibrokethecloud/sim/pkg/certs/certs.go:270.2,270.62 1 1
github.com/ibrokethecloud/sim/pkg/certs/certs.go:273.2,273.56 1 1
github.com/ibrokethecloud/sim/pkg/certs/certs.go:263.16,265.3 1 0
github.com/ibrokethecloud/sim/pkg/certs/certs.go:267.86,269.3 1 0
github.com/ibrokethecloud/sim/pkg/certs/certs.go:270.62,272.3 1 0
github.com/ibrokethecloud/sim/pkg/etcd/etcd.go:27.100,38.18 8 1
github.com/ibrokethecloud/sim/pkg/etcd/etcd.go:41.2,48.51 6 1
github.com/ibrokethecloud/sim/pkg/etcd/etcd.go:52.2,52.18 1 1
github.com/ibrokethecloud/sim/pkg/etcd/etcd.go:67.2,67.145 1 1
github.com/ibrokethecloud/sim/pkg/etcd/etcd.go:71.2,72.16 2 1
github.com/ibrokethecloud/sim/pkg/etcd/etcd.go:76.2,76.12 1 1
github.com/ibrokethecloud/sim/pkg/etcd/etcd.go:81.2,82.16 2 1
github.com/ibrokethecloud/sim/pkg/etcd/etcd.go:86.2,86.9 1 1
github.com/ibrokethecloud/sim/pkg/etcd/etcd.go:38.18,40.3 1 1
github.com/ibrokethecloud/sim/pkg/etcd/etcd.go:48.51,50.3 1 0
github.com/ibrokethecloud/sim/pkg/etcd/etcd.go:52.18,65.3 11 1
github.com/ibrokethecloud/sim/pkg/etcd/etcd.go:67.145,69.3 1 0
github.com/ibrokethecloud/sim/pkg/etcd/etcd.go:72.16,74.3 1 0
github.com/ibrokethecloud/sim/pkg/etcd/etcd.go:76.12,79.3 2 1
github.com/ibrokethecloud/sim/pkg/etcd/etcd.go:82.16,84.3 1 0
github.com/ibrokethecloud/sim/pkg/etcd/etcd.go:87.32,91.9 1 1
github.com/ibrokethecloud/sim/pkg/etcd/etcd.go:92.38,94.58 2 0
github.com/ibrokethecloud/sim/pkg/etcd/etcd.go:95.22,96.16 1 0
github.com/ibrokethecloud/sim/pkg/objects/apply.go:53.102,56.16 2 0
github.com/ibrokethecloud/sim/pkg/objects/apply.go:60.2,61.16 2 0
github.com/ibrokethecloud/sim/pkg/objects/apply.go:64.2,70.8 1 0
github.com/ibrokethecloud/sim/pkg/objects/apply.go:56.16,58.3 1 0
github.com/ibrokethecloud/sim/pkg/objects/apply.go:61.16,63.3 1 0
github.com/ibrokethecloud/sim/pkg/objects/apply.go:75.66,77.16 2 0
github.com/ibrokethecloud/sim/pkg/objects/apply.go:82.2,83.16 2 0
github.com/ibrokethecloud/sim/pkg/objects/apply.go:87.2,89.16 2 0
github.com/ibrokethecloud/sim/pkg/objects/apply.go:92.2,92.12 1 0
github.com/ibrokethecloud/sim/pkg/objects/apply.go:77.16,79.3 1 0
github.com/ibrokethecloud/sim/pkg/objects/apply.go:83.16,85.3 1 0
github.com/ibrokethecloud/sim/pkg/objects/apply.go:89.16,91.3 1 0
github.com/ibrokethecloud/sim/pkg/objects/apply.go:97.59,99.16 2 0
github.com/ibrokethecloud/sim/pkg/objects/apply.go:104.2,105.16 2 0
github.com/ibrokethecloud/sim/pkg/objects/apply.go:109.2,110.16 2 0
github.com/ibrokethecloud/sim/pkg/objects/apply.go:113.2,113.12 1 0
github.com/ibrokethecloud/sim/pkg/objects/apply.go:99.16,101.3 1 0
github.com/ibrokethecloud/sim/pkg/objects/apply.go:105.16,107.3 1 0
github.com/ibrokethecloud/sim/pkg/objects/apply.go:110.16,112.3 1 0
github.com/ibrokethecloud/sim/pkg/objects/apply.go:117.123,120.25 3 0
github.com/ibrokethecloud/sim/pkg/objects/apply.go:193.2,193.12 1 0
github.com/ibrokethecloud/sim/pkg/objects/apply.go:120.25,122.17 2 0
github.com/ibrokethecloud/sim/pkg/objects/apply.go:128.3,128.105 1 0
github.com/ibrokethecloud/sim/pkg/objects/apply.go:132.3,133.17 2 0
github.com/ibrokethecloud/sim/pkg/objects/apply.go:138.3,139.17 2 0
github.com/ibrokethecloud/sim/pkg/objects/apply.go:143.3,144.17 2 0
github.com/ibrokethecloud/sim/pkg/objects/apply.go:148.3,148.57 1 0
github.com/ibrokethecloud/sim/pkg/objects/apply.go:151.3,151.62 1 0
github.com/ibrokethecloud/sim/pkg/objects/apply.go:157.3,158.17 2 0
github.com/ibrokethecloud/sim/pkg/objects/apply.go:171.3,171.18 1 0
github.com/ibrokethecloud/sim/pkg/objects/apply.go:122.17,124.4 1 0
github.com/ibrokethecloud/sim/pkg/objects/apply.go:128.105,129.12 1 0
github.com/ibrokethecloud/sim/pkg/objects/apply.go:133.17,135.4 1 0
github.com/ibrokethecloud/sim/pkg/objects/apply.go:139.17,141.4 1 0
github.com/ibrokethecloud/sim/pkg/objects/apply.go:144.17,146.4 1 0
github.com/ibrokethecloud/sim/pkg/objects/apply.go:148.57,149.12 1 0
github.com/ibrokethecloud/sim/pkg/objects/apply.go:151.62,153.4 1 0
github.com/ibrokethecloud/sim/pkg/objects/apply.go:153.9,155.4 1 0
github.com/ibrokethecloud/sim/pkg/objects/apply.go:158.17,159.33 1 0
github.com/ibrokethecloud/sim/pkg/objects/apply.go:159.33,161.19 2 0
github.com/ibrokethecloud/sim/pkg/objects/apply.go:161.19,165.6 3 0
github.com/ibrokethecloud/sim/pkg/objects/apply.go:166.10,168.5 1 0
github.com/ibrokethecloud/sim/pkg/objects/apply.go:171.18,174.18 2 0
github.com/ibrokethecloud/sim/pkg/objects/apply.go:177.4,177.10 1 0
github.com/ibrokethecloud/sim/pkg/objects/apply.go:174.18,176.5 1 0
github.com/ibrokethecloud/sim/pkg/objects/apply.go:177.10,186.49 3 0
github.com/ibrokethecloud/sim/pkg/objects/apply.go:186.49,188.6 1 0
github.com/ibrokethecloud/sim/pkg/objects/apply.go:198.63,203.16 2 1
github.com/ibrokethecloud/sim/pkg/objects/apply.go:206.2,206.9 1 1
github.com/ibrokethecloud/sim/pkg/objects/apply.go:210.2,211.16 2 1
github.com/ibrokethecloud/sim/pkg/objects/apply.go:214.2,214.8 1 1
github.com/ibrokethecloud/sim/pkg/objects/apply.go:223.2,223.23 1 1
github.com/ibrokethecloud/sim/pkg/objects/apply.go:238.2,238.12 1 1
github.com/ibrokethecloud/sim/pkg/objects/apply.go:203.16,205.3 1 0
github.com/ibrokethecloud/sim/pkg/objects/apply.go:206.9,208.3 1 1
github.com/ibrokethecloud/sim/pkg/objects/apply.go:211.16,213.3 1 0
github.com/ibrokethecloud/sim/pkg/objects/apply.go:214.8,218.17 4 1
github.com/ibrokethecloud/sim/pkg/objects/apply.go:218.17,220.4 1 0
github.com/ibrokethecloud/sim/pkg/objects/apply.go:224.17,226.28 1 0
github.com/ibrokethecloud/sim/pkg/objects/apply.go:227.22,228.24 1 1
github.com/ibrokethecloud/sim/pkg/objects/apply.go:229.20,230.31 1 0
github.com/ibrokethecloud/sim/pkg/objects/apply.go:231.14,232.25 1 1
github.com/ibrokethecloud/sim/pkg/objects/apply.go:233.22,234.33 1 1
github.com/ibrokethecloud/sim/pkg/objects/apply.go:235.21,236.33 1 1
github.com/ibrokethecloud/sim/pkg/objects/apply.go:242.88,246.16 2 0
github.com/ibrokethecloud/sim/pkg/objects/apply.go:249.2,251.57 2 0
github.com/ibrokethecloud/sim/pkg/objects/apply.go:246.16,248.3 1 0
github.com/ibrokethecloud/sim/pkg/objects/apply.go:255.124,258.23 2 1
github.com/ibrokethecloud/sim/pkg/objects/apply.go:262.2,262.15 1 1
github.com/ibrokethecloud/sim/pkg/objects/apply.go:266.2,266.16 1 0
github.com/ibrokethecloud/sim/pkg/objects/apply.go:258.23,260.3 1 1
github.com/ibrokethecloud/sim/pkg/objects/apply.go:262.15,264.3 1 1
github.com/ibrokethecloud/sim/pkg/objects/apply.go:271.55,273.30 1 1
github.com/ibrokethecloud/sim/pkg/objects/apply.go:312.2,312.12 1 1
github.com/ibrokethecloud/sim/pkg/objects/apply.go:273.30,274.65 1 1
github.com/ibrokethecloud/sim/pkg/objects/apply.go:278.3,278.36 1 1
github.com/ibrokethecloud/sim/pkg/objects/apply.go:282.3,282.31 1 1
github.com/ibrokethecloud/sim/pkg/objects/apply.go:286.3,286.46 1 1
github.com/ibrokethecloud/sim/pkg/objects/apply.go:304.3,304.55 1 1
github.com/ibrokethecloud/sim/pkg/objects/apply.go:274.65,276.4 1 1
github.com/ibrokethecloud/sim/pkg/objects/apply.go:278.36,279.12 1 0
github.com/ibrokethecloud/sim/pkg/objects/apply.go:282.31,284.4 1 1
github.com/ibrokethecloud/sim/pkg/objects/apply.go:286.46,288.29 2 1
github.com/ibrokethecloud/sim/pkg/objects/apply.go:299.4,299.24 1 1
github.com/ibrokethecloud/sim/pkg/objects/apply.go:288.29,290.16 2 1
github.com/ibrokethecloud/sim/pkg/objects/apply.go:290.16,292.20 2 1
github.com/ibrokethecloud/sim/pkg/objects/apply.go:295.6,295.37 1 1
github.com/ibrokethecloud/sim/pkg/objects/apply.go:292.20,294.7 1 0
github.com/ibrokethecloud/sim/pkg/objects/apply.go:299.24,301.5 1 1
github.com/ibrokethecloud/sim/pkg/objects/apply.go:304.55,306.18 2 1
github.com/ibrokethecloud/sim/pkg/objects/apply.go:306.18,308.5 1 0
github.com/ibrokethecloud/sim/pkg/objects/apply.go:316.93,319.16 3 0
github.com/ibrokethecloud/sim/pkg/objects/apply.go:322.2,323.16 2 0
github.com/ibrokethecloud/sim/pkg/objects/apply.go:326.2,326.61 1 0
github.com/ibrokethecloud/sim/pkg/objects/apply.go:332.2,332.66 1 0
github.com/ibrokethecloud/sim/pkg/objects/apply.go:319.16,321.3 1 0
github.com/ibrokethecloud/sim/pkg/objects/apply.go:323.16,325.3 1 0
github.com/ibrokethecloud/sim/pkg/objects/apply.go:326.61,328.3 1 0
github.com/ibrokethecloud/sim/pkg/objects/apply.go:328.8,330.3 1 0
github.com/ibrokethecloud/sim/pkg/objects/apply.go:336.72,338.58 2 0
github.com/ibrokethecloud/sim/pkg/objects/apply.go:347.2,347.66 1 0
github.com/ibrokethecloud/sim/pkg/objects/apply.go:338.58,341.38 2 0
github.com/ibrokethecloud/sim/pkg/objects/apply.go:344.3,344.30 1 0
github.com/ibrokethecloud/sim/pkg/objects/apply.go:341.38,343.4 1 0
github.com/ibrokethecloud/sim/pkg/objects/cleanup.go:10.59,13.2 2 0
github.com/ibrokethecloud/sim/pkg/objects/cleanup.go:16.55,24.2 6 1
github.com/ibrokethecloud/sim/pkg/objects/cleanup.go:27.69,29.8 2 1
github.com/ibrokethecloud/sim/pkg/objects/cleanup.go:29.8,32.3 2 1
github.com/ibrokethecloud/sim/pkg/objects/cleanup.go:36.62,41.2 4 0
github.com/ibrokethecloud/sim/pkg/objects/cleanup.go:45.56,46.82 1 1
github.com/ibrokethecloud/sim/pkg/objects/cleanup.go:52.2,53.16 2 1
github.com/ibrokethecloud/sim/pkg/objects/cleanup.go:56.2,56.9 1 1
github.com/ibrokethecloud/sim/pkg/objects/cleanup.go:60.2,61.9 2 1
github.com/ibrokethecloud/sim/pkg/objects/cleanup.go:64.2,65.9 2 1
github.com/ibrokethecloud/sim/pkg/objects/cleanup.go:69.2,70.9 2 1
github.com/ibrokethecloud/sim/pkg/objects/cleanup.go:74.2,75.24 2 1
github.com/ibrokethecloud/sim/pkg/objects/cleanup.go:79.2,80.38 2 1
github.com/ibrokethecloud/sim/pkg/objects/cleanup.go:92.2,94.69 3 1
github.com/ibrokethecloud/sim/pkg/objects/cleanup.go:46.82,50.3 1 0
github.com/ibrokethecloud/sim/pkg/objects/cleanup.go:53.16,55.3 1 0
github.com/ibrokethecloud/sim/pkg/objects/cleanup.go:56.9,58.3 1 0
github.com/ibrokethecloud/sim/pkg/objects/cleanup.go:61.9,63.3 1 0
github.com/ibrokethecloud/sim/pkg/objects/cleanup.go:65.9,67.3 1 0
github.com/ibrokethecloud/sim/pkg/objects/cleanup.go:70.9,72.3 1 0
github.com/ibrokethecloud/sim/pkg/objects/cleanup.go:75.24,77.3 1 0
github.com/ibrokethecloud/sim/pkg/objects/cleanup.go:80.38,82.10 2 1
github.com/ibrokethecloud/sim/pkg/objects/cleanup.go:85.3,89.50 5 1
github.com/ibrokethecloud/sim/pkg/objects/cleanup.go:82.10,84.4 1 0
github.com/ibrokethecloud/sim/pkg/objects/cleanup.go:100.64,102.16 2 1
github.com/ibrokethecloud/sim/pkg/objects/cleanup.go:107.2,107.9 1 1
github.com/ibrokethecloud/sim/pkg/objects/cleanup.go:111.2,113.9 3 1
github.com/ibrokethecloud/sim/pkg/objects/cleanup.go:117.2,117.33 1 1
github.com/ibrokethecloud/sim/pkg/objects/cleanup.go:132.2,132.87 1 1
github.com/ibrokethecloud/sim/pkg/objects/cleanup.go:102.16,104.3 1 0
github.com/ibrokethecloud/sim/pkg/objects/cleanup.go:107.9,109.3 1 0
github.com/ibrokethecloud/sim/pkg/objects/cleanup.go:113.9,115.3 1 0
github.com/ibrokethecloud/sim/pkg/objects/cleanup.go:117.33,119.10 2 1
github.com/ibrokethecloud/sim/pkg/objects/cleanup.go:123.3,124.10 2 1
github.com/ibrokethecloud/sim/pkg/objects/cleanup.go:128.3,128.59 1 1
github.com/ibrokethecloud/sim/pkg/objects/cleanup.go:119.10,121.4 1 0
github.com/ibrokethecloud/sim/pkg/objects/cleanup.go:124.10,126.4 1 1
github.com/ibrokethecloud/sim/pkg/objects/cleanup.go:138.64,140.16 2 1
github.com/ibrokethecloud/sim/pkg/objects/cleanup.go:144.2,145.16 2 1
github.com/ibrokethecloud/sim/pkg/objects/cleanup.go:148.2,148.83 1 1
github.com/ibrokethecloud/sim/pkg/objects/cleanup.go:140.16,142.3 1 0
github.com/ibrokethecloud/sim/pkg/objects/cleanup.go:145.16,147.3 1 0
github.com/ibrokethecloud/sim/pkg/objects/cleanup.go:151.84,155.16 3 1
github.com/ibrokethecloud/sim/pkg/objects/cleanup.go:160.2,160.9 1 1
github.com/ibrokethecloud/sim/pkg/objects/cleanup.go:164.2,164.12 1 1
github.com/ibrokethecloud/sim/pkg/objects/cleanup.go:155.16,158.3 1 0
github.com/ibrokethecloud/sim/pkg/objects/cleanup.go:160.9,162.3 1 1
github.com/ibrokethecloud/sim/pkg/objects/objects.go:18.119,22.16 3 1
github.com/ibrokethecloud/sim/pkg/objects/objects.go:26.2,26.80 1 1
github.com/ibrokethecloud/sim/pkg/objects/objects.go:47.2,47.16 1 1
github.com/ibrokethecloud/sim/pkg/objects/objects.go:52.2,52.28 1 1
github.com/ibrokethecloud/sim/pkg/objects/objects.go:60.2,60.31 1 1
github.com/ibrokethecloud/sim/pkg/objects/objects.go:68.2,68.30 1 1
github.com/ibrokethecloud/sim/pkg/objects/objects.go:22.16,24.3 1 0
github.com/ibrokethecloud/sim/pkg/objects/objects.go:26.80,27.17 1 1
github.com/ibrokethecloud/sim/pkg/objects/objects.go:32.3,32.20 1 1
github.com/ibrokethecloud/sim/pkg/objects/objects.go:44.3,44.13 1 1
github.com/ibrokethecloud/sim/pkg/objects/objects.go:27.17,30.4 2 0
github.com/ibrokethecloud/sim/pkg/objects/objects.go:32.20,34.18 2 1
github.com/ibrokethecloud/sim/pkg/objects/objects.go:37.4,37.57 1 1
github.com/ibrokethecloud/sim/pkg/objects/objects.go:34.18,36.5 1 0
github.com/ibrokethecloud/sim/pkg/objects/objects.go:37.57,39.5 1 1
github.com/ibrokethecloud/sim/pkg/objects/objects.go:39.10,41.5 1 1
github.com/ibrokethecloud/sim/pkg/objects/objects.go:47.16,49.3 1 0
github.com/ibrokethecloud/sim/pkg/objects/objects.go:52.28,54.17 2 1
github.com/ibrokethecloud/sim/pkg/objects/objects.go:57.3,57.28 1 1
github.com/ibrokethecloud/sim/pkg/objects/objects.go:54.17,56.4 1 0
github.com/ibrokethecloud/sim/pkg/objects/objects.go:60.31,62.17 2 1
github.com/ibrokethecloud/sim/pkg/objects/objects.go:65.3,65.44 1 1
github.com/ibrokethecloud/sim/pkg/objects/objects.go:62.17,64.4 1 0
github.com/ibrokethecloud/sim/pkg/objects/objects.go:74.113,78.16 3 1
github.com/ibrokethecloud/sim/pkg/objects/objects.go:82.2,82.80 1 1
github.com/ibrokethecloud/sim/pkg/objects/objects.go:103.2,103.16 1 1
github.com/ibrokethecloud/sim/pkg/objects/objects.go:109.2,109.28 1 1
github.com/ibrokethecloud/sim/pkg/objects/objects.go:117.2,117.31 1 1
github.com/ibrokethecloud/sim/pkg/objects/objects.go:125.2,125.27 1 1
github.com/ibrokethecloud/sim/pkg/objects/objects.go:78.16,80.3 1 0
github.com/ibrokethecloud/sim/pkg/objects/objects.go:82.80,83.17 1 1
github.com/ibrokethecloud/sim/pkg/objects/objects.go:88.3,88.20 1 1
github.com/ibrokethecloud/sim/pkg/objects/objects.go:100.3,100.13 1 1
github.com/ibrokethecloud/sim/pkg/objects/objects.go:83.17,86.4 2 0
github.com/ibrokethecloud/sim/pkg/objects/objects.go:88.20,90.18 2 1
github.com/ibrokethecloud/sim/pkg/objects/objects.go:93.4,93.94 1 1
github.com/ibrokethecloud/sim/pkg/objects/objects.go:90.18,92.5 1 0
github.com/ibrokethecloud/sim/pkg/objects/objects.go:93.94,95.5 1 1
github.com/ibrokethecloud/sim/pkg/objects/objects.go:95.10,97.5 1 1
github.com/ibrokethecloud/sim/pkg/objects/objects.go:103.16,105.3 1 0
github.com/ibrokethecloud/sim/pkg/objects/objects.go:109.28,111.17 2 1
github.com/ibrokethecloud/sim/pkg/objects/objects.go:114.3,114.30 1 1
github.com/ibrokethecloud/sim/pkg/objects/objects.go:111.17,113.4 1 0
github.com/ibrokethecloud/sim/pkg/objects/objects.go:117.31,119.17 2 1
github.com/ibrokethecloud/sim/pkg/objects/objects.go:122.3,122.36 1 1
github.com/ibrokethecloud/sim/pkg/objects/objects.go:119.17,121.4 1 0
github.com/ibrokethecloud/sim/pkg/objects/objects.go:128.69,130.16 2 1
github.com/ibrokethecloud/sim/pkg/objects/objects.go:134.2,135.17 2 1
github.com/ibrokethecloud/sim/pkg/objects/objects.go:130.16,132.3 1 0
github.com/ibrokethecloud/sim/pkg/objects/objects.go:138.94,140.16 2 0
github.com/ibrokethecloud/sim/pkg/objects/objects.go:144.2,144.33 1 0
github.com/ibrokethecloud/sim/pkg/objects/objects.go:152.2,152.18 1 0
github.com/ibrokethecloud/sim/pkg/objects/objects.go:140.16,142.3 1 0
github.com/ibrokethecloud/sim/pkg/objects/objects.go:144.33,146.17 2 0
github.com/ibrokethecloud/sim/pkg/objects/objects.go:149.3,149.27 1 0
github.com/ibrokethecloud/sim/pkg/objects/objects.go:146.17,148.4 1 0
github.com/ibrokethecloud/sim/pkg/kubelet/kubelet.go:33.116,36.18 1 1
github.com/ibrokethecloud/sim/pkg/kubelet/kubelet.go:40.2,44.8 1 1
github.com/ibrokethecloud/sim/pkg/kubelet/kubelet.go:36.18,38.3 1 0
github.com/ibrokethecloud/sim/pkg/kubelet/kubelet.go:46.51,59.16 5 1
github.com/ibrokethecloud/sim/pkg/kubelet/kubelet.go:63.2,69.16 3 1
github.com/ibrokethecloud/sim/pkg/kubelet/kubelet.go:73.2,73.12 1 1
github.com/ibrokethecloud/sim/pkg/kubelet/kubelet.go:78.2,78.19 1 1
github.com/ibrokethecloud/sim/pkg/kubelet/kubelet.go:59.16,62.3 1 0
github.com/ibrokethecloud/sim/pkg/kubelet/kubelet.go:69.16,71.3 1 0
github.com/ibrokethecloud/sim/pkg/kubelet/kubelet.go:73.12,76.3 2 1
github.com/ibrokethecloud/sim/pkg/kubelet/kubelet.go:83.140,85.2 1 0
github.com/ibrokethecloud/sim/pkg/kubelet/kubelet.go:88.80,91.2 2 0
github.com/ibrokethecloud/sim/pkg/kubelet/kubelet.go:94.158,96.16 2 1
github.com/ibrokethecloud/sim/pkg/kubelet/kubelet.go:99.2,99.40 1 1
github.com/ibrokethecloud/sim/pkg/kubelet/kubelet.go:96.16,98.3 1 0
github.com/ibrokethecloud/sim/pkg/kubelet/kubelet.go:102.79,104.16 2 1
github.com/ibrokethecloud/sim/pkg/kubelet/kubelet.go:108.2,109.16 2 1
github.com/ibrokethecloud/sim/pkg/kubelet/kubelet.go:112.2,112.38 1 1
github.com/ibrokethecloud/sim/pkg/kubelet/kubelet.go:104.16,106.3 1 0
github.com/ibrokethecloud/sim/pkg/kubelet/kubelet.go:109.16,111.3 1 0
github.com/ibrokethecloud/sim/pkg/kubelet/kubelet.go:115.150,117.16 2 1
github.com/ibrokethecloud/sim/pkg/kubelet/kubelet.go:121.2,137.33 2 1
github.com/ibrokethecloud/sim/pkg/kubelet/kubelet.go:140.2,140.24 1 1
github.com/ibrokethecloud/sim/pkg/kubelet/kubelet.go:144.2,144.18 1 1
github.com/ibrokethecloud/sim/pkg/kubelet/kubelet.go:155.2,162.8 1 1
github.com/ibrokethecloud/sim/pkg/kubelet/kubelet.go:117.16,119.3 1 0
github.com/ibrokethecloud/sim/pkg/kubelet/kubelet.go:137.33,139.3 1 1
github.com/ibrokethecloud/sim/pkg/kubelet/kubelet.go:140.24,142.3 1 0
github.com/ibrokethecloud/sim/pkg/kubelet/kubelet.go:144.18,147.17 3 1
github.com/ibrokethecloud/sim/pkg/kubelet/kubelet.go:150.3,150.38 1 1
github.com/ibrokethecloud/sim/pkg/kubelet/kubelet.go:147.17,149.4 1 0
github.com/ibrokethecloud/sim/pkg/kubelet/kubelet.go:150.38,152.4 1 0
github.com/ibrokethecloud/sim/pkg/apiserver/apiserver.go:30.67,35.79 3 1
github.com/ibrokethecloud/sim/pkg/apiserver/apiserver.go:38.2,38.86 1 1
github.com/ibrokethecloud/sim/pkg/apiserver/apiserver.go:41.2,41.79 1 1
github.com/ibrokethecloud/sim/pkg/apiserver/apiserver.go:44.2,44.101 1 1
github.com/ibrokethecloud/sim/pkg/apiserver/apiserver.go:47.2,47.112 1 1
github.com/ibrokethecloud/sim/pkg/apiserver/apiserver.go:50.2,50.97 1 1
github.com/ibrokethecloud/sim/pkg/apiserver/apiserver.go:53.2,53.79 1 1
github.com/ibrokethecloud/sim/pkg/apiserver/apiserver.go:56.2,56.89 1 1
github.com/ibrokethecloud/sim/pkg/apiserver/apiserver.go:59.2,59.85 1 1
github.com/ibrokethecloud/sim/pkg/apiserver/apiserver.go:62.2,62.86 1 1
github.com/ibrokethecloud/sim/pkg/apiserver/apiserver.go:65.2,65.89 1 1
github.com/ibrokethecloud/sim/pkg/apiserver/apiserver.go:68.2,68.73 1 1
github.com/ibrokethecloud/sim/pkg/apiserver/apiserver.go:72.2,73.71 2 1
github.com/ibrokethecloud/sim/pkg/apiserver/apiserver.go:77.2,77.23 1 1
github.com/ibrokethecloud/sim/pkg/apiserver/apiserver.go:90.2,90.12 1 1
github.com/ibrokethecloud/sim/pkg/apiserver/apiserver.go:95.2,95.38 1 1
github.com/ibrokethecloud/sim/pkg/apiserver/apiserver.go:35.79,37.3 1 0
github.com/ibrokethecloud/sim/pkg/apiserver/apiserver.go:38.86,40.3 1 0
github.com/ibrokethecloud/sim/pkg/apiserver/apiserver.go:41.79,43.3 1 0
github.com/ibrokethecloud/sim/pkg/apiserver/apiserver.go:44.101,46.3 1 0
github.com/ibrokethecloud/sim/pkg/apiserver/apiserver.go:47.112,49.3 1 0
github.com/ibrokethecloud/sim/pkg/apiserver/apiserver.go:50.97,52.3 1 0
github.com/ibrokethecloud/sim/pkg/apiserver/apiserver.go:53.79,55.3 1 0
github.com/ibrokethecloud/sim/pkg/apiserver/apiserver.go:56.89,58.3 1 0
github.com/ibrokethecloud/sim/pkg/apiserver/apiserver.go:59.85,61.3 1 0
github.com/ibrokethecloud/sim/pkg/apiserver/apiserver.go:62.86,64.3 1 0
github.com/ibrokethecloud/sim/pkg/apiserver/apiserver.go:65.89,67.3 1 0
github.com/ibrokethecloud/sim/pkg/apiserver/apiserver.go:68.73,70.3 1 0
github.com/ibrokethecloud/sim/pkg/apiserver/apiserver.go:73.71,75.3 1 0
github.com/ibrokethecloud/sim/pkg/apiserver/apiserver.go:77.23,78.77 1 1
github.com/ibrokethecloud/sim/pkg/apiserver/apiserver.go:81.3,81.87 1 1
github.com/ibrokethecloud/sim/pkg/apiserver/apiserver.go:84.3,84.89 1 1
github.com/ibrokethecloud/sim/pkg/apiserver/apiserver.go:78.77,80.4 1 0
github.com/ibrokethecloud/sim/pkg/apiserver/apiserver.go:81.87,83.4 1 0
github.com/ibrokethecloud/sim/pkg/apiserver/apiserver.go:84.89,86.4 1 0
github.com/ibrokethecloud/sim/pkg/apiserver/apiserver.go:90.12,93.3 2 1
github.com/ibrokethecloud/sim/pkg/apiserver/apiserver.go:99.65,102.16 2 1
github.com/ibrokethecloud/sim/pkg/apiserver/apiserver.go:106.2,107.16 2 1
github.com/ibrokethecloud/sim/pkg/apiserver/apiserver.go:111.2,112.16 2 1
github.com/ibrokethecloud/sim/pkg/apiserver/apiserver.go:116.2,136.16 16 1
github.com/ibrokethecloud/sim/pkg/apiserver/apiserver.go:140.2,143.16 3 1
github.com/ibrokethecloud/sim/pkg/apiserver/apiserver.go:147.2,149.12 2 1
github.com/ibrokethecloud/sim/pkg/apiserver/apiserver.go:102.16,104.3 1 0
github.com/ibrokethecloud/sim/pkg/apiserver/apiserver.go:107.16,109.3 1 0
github.com/ibrokethecloud/sim/pkg/apiserver/apiserver.go:112.16,114.3 1 0
github.com/ibrokethecloud/sim/pkg/apiserver/apiserver.go:136.16,138.3 1 0
github.com/ibrokethecloud/sim/pkg/apiserver/apiserver.go:143.16,145.3 1 0
